
> web@0.1.0 build C:\Users\abhis\OneDrive\Desktop\RoomChatApp\apps\web
> next build

   Creating an optimized production build...
 ✓ Compiled successfully
   Skipping linting
   Checking validity of types...
   Collecting page data...
   Generating static pages (0/4)...
   Generating static pages (1/4)

   Generating static pages (2/4)

   Generating static pages (3/4)

 ✓ Generating static pages (4/4)
   Finalizing page optimization...

Route (app)                              Size     First Load JS
┌ ○ /                                    66.8 kB         156 kB
└ ○ /_not-found                          872 B          80.1 kB
+ First Load JS shared by all            79.2 kB
  ├ chunks/019429d7-1b229708c4d80cb6.js  50.9 kB
  ├ chunks/662-d6a01d6a6c255cbe.js       26.5 kB
  ├ chunks/main-app-91325b96f1b3b45f.js  220 B
  └ chunks/webpack-6b9c19854f1d6f20.js   1.64 kB


○  (Static)  automatically rendered as static HTML (uses no initial props)

